<?xml version="1.0" encoding="UTF-8"?>
<!-- Generated by org.testng.reporters.JUnitReportReporter -->
<testsuite hostname="Torrey" failures="0" tests="3" name="com.qa.opencart.tests.RegisterPageTest" time="8.188" errors="0" timestamp="2023-12-27T14:49:23 PST" skipped="0">
  <testcase classname="com.qa.opencart.tests.RegisterPageTest" name="userRegTest" time="2.619"/>
  <testcase classname="com.qa.opencart.tests.RegisterPageTest" name="userRegTest" time="3.158"/>
  <testcase classname="com.qa.opencart.tests.RegisterPageTest" name="userRegTest" time="2.411"/>
</testsuite> <!-- com.qa.opencart.tests.RegisterPageTest -->
