<?xml version="1.0" encoding="UTF-8"?>
<!-- Generated by org.testng.reporters.JUnitReportReporter -->
<testsuite hostname="Torrey" failures="0" tests="5" name="com.qa.opencart.tests.LoginPageTest" time="1.308" errors="0" timestamp="2023-12-27T14:49:23 PST" skipped="0">
  <testcase classname="com.qa.opencart.tests.LoginPageTest" name="loginPageTitleTest" time="0.151"/>
  <testcase classname="com.qa.opencart.tests.LoginPageTest" name="loginPageURLTest" time="0.032"/>
  <testcase classname="com.qa.opencart.tests.LoginPageTest" name="fogotPwdLinkExistTest" time="0.076"/>
  <testcase classname="com.qa.opencart.tests.LoginPageTest" name="appLogoExistTest" time="0.039"/>
  <testcase classname="com.qa.opencart.tests.LoginPageTest" name="loginTest" time="1.010"/>
</testsuite> <!-- com.qa.opencart.tests.LoginPageTest -->
