<?xml version="1.0" encoding="UTF-8"?>
<!-- Generated by org.testng.reporters.JUnitReportReporter -->
<testsuite hostname="Torrey" failures="0" tests="3" name="com.qa.opencart.tests.RegisterPageTest" time="9.811" errors="0" timestamp="2024-01-06T21:17:13 PST" skipped="0">
  <testcase classname="com.qa.opencart.tests.RegisterPageTest" name="userRegTest" time="2.743"/>
  <testcase classname="com.qa.opencart.tests.RegisterPageTest" name="userRegTest" time="4.364"/>
  <testcase classname="com.qa.opencart.tests.RegisterPageTest" name="userRegTest" time="2.704"/>
</testsuite> <!-- com.qa.opencart.tests.RegisterPageTest -->
