<?xml version="1.0" encoding="UTF-8"?>
<!-- Generated by org.testng.reporters.JUnitReportReporter -->
<testsuite hostname="Torrey" failures="0" tests="7" name="com.qa.opencart.tests.AccountsPageTest" time="3.101" errors="0" timestamp="2024-01-06T21:17:13 PST" skipped="0">
  <testcase classname="com.qa.opencart.tests.AccountsPageTest" name="accPageTitleTest" time="0.033"/>
  <testcase classname="com.qa.opencart.tests.AccountsPageTest" name="accPageHeadersTest" time="0.247"/>
  <testcase classname="com.qa.opencart.tests.AccountsPageTest" name="accPageURLTest" time="0.034"/>
  <testcase classname="com.qa.opencart.tests.AccountsPageTest" name="isLogoutLinkExistTest" time="0.089"/>
  <testcase classname="com.qa.opencart.tests.AccountsPageTest" name="searchTest" time="2.409"/>
  <testcase classname="com.qa.opencart.tests.AccountsPageTest" name="accPageHeadersCountTest" time="0.174"/>
  <testcase classname="com.qa.opencart.tests.AccountsPageTest" name="isSearchFieldExistTest" time="0.115"/>
</testsuite> <!-- com.qa.opencart.tests.AccountsPageTest -->
